Loading...
ERROR::Thu Sep 04 06:15:22 2025::loadPrefs():Opening log file "log/dusk.txt"::java.io.FileNotFoundException: log/dusk.txt (No such file or directory)
INFO::Thu Sep 04 06:15:22 2025::Loading Preferences...
VERBOSE::Thu Sep 04 06:15:22 2025::thread=main::Port = 7474
VERBOSE::Thu Sep 04 06:15:22 2025::thread=main::Tracker = false
VERBOSE::Thu Sep 04 06:15:22 2025::thread=main::TrackerPort = 7401
VERBOSE::Thu Sep 04 06:15:22 2025::thread=main::TrackerName = Just Some World.
VERBOSE::Thu Sep 04 06:15:22 2025::thread=main::TrackerSite = none
VERBOSE::Thu Sep 04 06:15:22 2025::thread=main::RCAddress = https://dusk.comet-richter.ts.net/rc/somedusk/
VERBOSE::Thu Sep 04 06:15:22 2025::thread=main::RCName = somedusk
VERBOSE::Thu Sep 04 06:15:22 2025::thread=main::MaxConnections = 0
VERBOSE::Thu Sep 04 06:15:22 2025::thread=main::Music = true
VERBOSE::Thu Sep 04 06:15:22 2025::thread=main::Ai = true
VERBOSE::Thu Sep 04 06:15:22 2025::thread=main::LineOfSight = false
VERBOSE::Thu Sep 04 06:15:22 2025::thread=main::UniqueIPFilter = false
VERBOSE::Thu Sep 04 06:15:22 2025::thread=main::ChangeRaceCPLimit = 100
VERBOSE::Thu Sep 04 06:15:22 2025::thread=main::PetCost = 100
VERBOSE::Thu Sep 04 06:15:22 2025::thread=main::MessageCap = 300
VERBOSE::Thu Sep 04 06:15:22 2025::thread=main::NameCap = 20
VERBOSE::Thu Sep 04 06:15:22 2025::thread=main::TitleCap = 100
VERBOSE::Thu Sep 04 06:15:22 2025::thread=main::NoChannelMax = 600
VERBOSE::Thu Sep 04 06:15:22 2025::thread=main::MerchantImage = 0
VERBOSE::Thu Sep 04 06:15:22 2025::thread=main::SignImage = 216
VERBOSE::Thu Sep 04 06:15:22 2025::thread=main::BattleSound = -1
VERBOSE::Thu Sep 04 06:15:22 2025::thread=main::MobReSpawnSpeed = 200
VERBOSE::Thu Sep 04 06:15:22 2025::thread=main::TrainCost = 100
VERBOSE::Thu Sep 04 06:15:22 2025::thread=main::ExpGainMod = 15
VERBOSE::Thu Sep 04 06:15:22 2025::thread=main::GpLoseMod = 0.0625
VERBOSE::Thu Sep 04 06:15:22 2025::thread=main::ExpLoseMod = 0.0625
VERBOSE::Thu Sep 04 06:15:22 2025::thread=main::GpFleeMod = 0.015625
VERBOSE::Thu Sep 04 06:15:22 2025::thread=main::ExpFleeMod = 0.015625
VERBOSE::Thu Sep 04 06:15:22 2025::thread=main::ViewRange = 5
VERBOSE::Thu Sep 04 06:15:22 2025::thread=main::MobTicks = 600
VERBOSE::Thu Sep 04 06:15:22 2025::thread=main::PlayerTicks = 150
INFO::Thu Sep 04 06:15:24 2025::thread=main::Loading Tile Animations...
VERBOSE::Thu Sep 04 06:15:24 2025::thread=main::Loaded animation for tile 304: 4 frames, 20 delay.
INFO::Thu Sep 04 06:15:24 2025::thread=main::Loading Map...
VERBOSE::Thu Sep 04 06:15:24 2025::thread=main::701/701
