Loading...
INFO::Mon Oct 07 10:08:07 2013::Loading Preferences...
INFO::Mon Oct 07 10:08:07 2013::Loading Map...
INFO::Mon Oct 07 10:08:07 2013::Map Loaded...
INFO::Mon Oct 07 10:08:07 2013::Loading Merchants...
INFO::Mon Oct 07 10:08:07 2013::Loading Mobs...
INFO::Mon Oct 07 10:08:09 2013::Loading Signs...
INFO::Mon Oct 07 10:08:09 2013::Loading Props...
INFO::Mon Oct 07 10:08:10 2013::Loading Global Variables...
INFO::Mon Oct 07 10:08:10 2013::Ran onBoot script.
ALWAYS::Mon Oct 07 10:08:10 2013::Mob ticks = 1000
ALWAYS::Mon Oct 07 10:08:10 2013::Player ticks = 250
ALWAYS::Mon Oct 07 10:08:10 2013::Starting Ticks
ALWAYS::Mon Oct 07 10:08:10 2013::Starting tracker thread
ALWAYS::Mon Oct 07 10:08:10 2013::Communicating with tracker
Ready for connections.
ERROR::Mon Oct 07 10:08:10 2013::initializeTracker():Failed to contact tracker, disabling::java.net.UnknownHostException: dusk.wesowin.org
ALWAYS::Mon Oct 07 11:08:10 2013::Saving signs...
ALWAYS::Mon Oct 07 11:08:10 2013::Saved game settings without error
ALWAYS::Tue Oct 08 12:08:10 2013::Saved game settings without error
ALWAYS::Tue Oct 08 01:08:10 2013::Saved game settings without error
